-------------------------------------------------------------------------------
Test set: features.CucumberRunner
-------------------------------------------------------------------------------
Tests run: 1, Failures: 1, Errors: 0, Skipped: 0, Time elapsed: 15.031 s <<< FAILURE! - in features.CucumberRunner
testParallel(features.CucumberRunner)  Time elapsed: 14.859 s  <<< FAILURE!
java.lang.AssertionError: there are scenario failures
	at features.CucumberRunner.testParallel(CucumberRunner.java:25)

