<?xml version="1.0" encoding="UTF-8"?>
<testsuite xmlns:xsi="http://www.w3.org/2001/XMLSchema-instance" xsi:noNamespaceSchemaLocation="https://maven.apache.org/surefire/maven-surefire-plugin/xsd/surefire-test-report.xsd" name="features.CucumberRunner" time="15.031" tests="1" errors="0" skipped="0" failures="1">
  <properties>
[...]
</properties>
  <testcase name="testParallel" classname="features.CucumberRunner" time="14.859">
    <failure message="there are scenario failures" type="java.lang.AssertionError">java.lang.AssertionError: there are scenario failures
	at features.CucumberRunner.testParallel(CucumberRunner.java:25)
</failure>
    <system-out><![CDATA[21:34:18.717 [main] INFO  com.intuit.karate.Runner - waiting for parallel features to complete ...
21:34:19.073 [ForkJoinPool-1-worker-1] INFO  com.intuit.karate - karate.env system property was:  
21:34:19.073 [ForkJoinPool-1-worker-1] INFO  com.intuit.karate - karate.env system property was: local 
21:34:20.521 [ForkJoinPool-1-worker-1] DEBUG com.intuit.karate - request:
1 > POST http://localhost:3002/reviews/FIKarate
1 > Accept-Encoding: gzip,deflate
1 > Connection: Keep-Alive
1 > Content-Length: 101
1 > Content-Type: application/json; charset=UTF-8
1 > Host: localhost:3002
1 > User-Agent: Apache-HttpClient/4.5.11 (Java/1.8.0_291)
{"productId":"FI444","locale":"en-GB,en-US;q=0.9,en;q=0.8","rating":5,"text":"Karate Testing Review"}

21:34:20.635 [ForkJoinPool-1-worker-1] DEBUG com.intuit.karate - response time in milliseconds: 105.06
1 < 201
1 < Connection: keep-alive
1 < Content-Length: 66
1 < Content-Type: application/json; charset=utf-8
1 < Date: Tue, 29 Jun 2021 19:34:20 GMT
1 < ETag: W/"42-9sDNi2RFjuwePwGntKuSudUGXjQ"
1 < Keep-Alive: timeout=5
1 < X-Powered-By: Express
{"productId":"FIKarate","rating":5,"text":"Karate Testing Review"}

21:34:20.635 [ForkJoinPool-1-worker-1] INFO  com.intuit.karate - [print] {
  "productId": "FIKarate",
  "rating": 5,
  "text": "Karate Testing Review"
}

21:34:20.635 [ForkJoinPool-1-worker-1] ERROR com.intuit.karate - assertion failed: path: $.productId, actual: 'FIKarate', expected: 'FI444', reason: not equal
21:34:20.666 [ForkJoinPool-1-worker-1] INFO  com.intuit.karate - karate.env system property was:  
21:34:20.666 [ForkJoinPool-1-worker-1] INFO  com.intuit.karate - karate.env system property was: local 
21:34:20.666 [ForkJoinPool-1-worker-1] DEBUG com.intuit.karate - request:
1 > GET http://localhost:3002/reviews/FIKarate
1 > Accept-Encoding: gzip,deflate
1 > Connection: Keep-Alive
1 > Host: localhost:3002
1 > User-Agent: Apache-HttpClient/4.5.11 (Java/1.8.0_291)

21:34:20.691 [ForkJoinPool-1-worker-1] DEBUG com.intuit.karate - response time in milliseconds: 15.84
1 < 200
1 < Connection: keep-alive
1 < Content-Length: 202
1 < Content-Type: application/json; charset=utf-8
1 < Date: Tue, 29 Jun 2021 19:34:20 GMT
1 < ETag: W/"ca-cLENiqsfPkK08LPdF3d6zDAdj6U"
1 < Keep-Alive: timeout=5
1 < X-Powered-By: Express
[{"productId":"FIKarate","rating":5,"text":"Karate Testing Review"},{"productId":"FIKarate","rating":5,"text":"Karate Testing Review"},{"productId":"FIKarate","rating":5,"text":"Karate Testing Review"}]

21:34:20.693 [ForkJoinPool-1-worker-1] INFO  com.intuit.karate - [print] [
  {
    "productId": "FIKarate",
    "rating": 5,
    "text": "Karate Testing Review"
  },
  {
    "productId": "FIKarate",
    "rating": 5,
    "text": "Karate Testing Review"
  },
  {
    "productId": "FIKarate",
    "rating": 5,
    "text": "Karate Testing Review"
  }
]

21:34:20.717 [ForkJoinPool-1-worker-1] INFO  com.intuit.karate - karate.env system property was:  
21:34:20.717 [ForkJoinPool-1-worker-1] INFO  com.intuit.karate - karate.env system property was: local 
21:34:20.732 [ForkJoinPool-1-worker-1] DEBUG com.intuit.karate - request:
1 > POST http://localhost:3002/reviews/InvalidID
1 > Accept-Encoding: gzip,deflate
1 > Connection: Keep-Alive
1 > Content-Length: 2
1 > Content-Type: application/json; charset=UTF-8
1 > Host: localhost:3002
1 > User-Agent: Apache-HttpClient/4.5.11 (Java/1.8.0_291)
{}

21:34:20.752 [ForkJoinPool-1-worker-1] DEBUG com.intuit.karate - response time in milliseconds: 12.95
1 < 201
1 < Connection: keep-alive
1 < Content-Length: 25
1 < Content-Type: application/json; charset=utf-8
1 < Date: Tue, 29 Jun 2021 19:34:20 GMT
1 < ETag: W/"19-eT963xoZSgv1+fppZqWdUff3zv8"
1 < Keep-Alive: timeout=5
1 < X-Powered-By: Express
{"productId":"InvalidID"}

21:34:20.754 [ForkJoinPool-1-worker-1] INFO  com.intuit.karate - [print] {
  "productId": "InvalidID"
}

21:34:20.764 [ForkJoinPool-1-worker-1] INFO  com.intuit.karate - karate.env system property was:  
21:34:20.764 [ForkJoinPool-1-worker-1] INFO  com.intuit.karate - karate.env system property was: local 
21:34:20.780 [ForkJoinPool-1-worker-1] DEBUG com.intuit.karate - request:
1 > GET http://localhost:3002/reviews/InvalidKarateID
1 > Accept-Encoding: gzip,deflate
1 > Connection: Keep-Alive
1 > Host: localhost:3002
1 > User-Agent: Apache-HttpClient/4.5.11 (Java/1.8.0_291)

21:34:20.805 [ForkJoinPool-1-worker-1] DEBUG com.intuit.karate - response time in milliseconds: 14.05
1 < 200
1 < Connection: keep-alive
1 < Content-Length: 2
1 < Content-Type: application/json; charset=utf-8
1 < Date: Tue, 29 Jun 2021 19:34:20 GMT
1 < ETag: W/"2-l9Fw4VUO7kr8CvBlt4zaMCqXZ0w"
1 < Keep-Alive: timeout=5
1 < X-Powered-By: Express
[]

21:34:20.806 [ForkJoinPool-1-worker-1] INFO  com.intuit.karate - [print] [
]

21:34:21.016 [pool-1-thread-1] INFO  com.intuit.karate.Runner - <<fail>> feature 1 of 2: classpath:features/Products Review.feature
---------------------------------------------------------
feature: classpath:features/Products Review.feature
report: target\cucumber-html-reports\features.Products Review.json
scenarios:  4 | passed:  3 | failed:  1 | time: 1.5279
---------------------------------------------------------
21:34:21.047 [ForkJoinPool-1-worker-1] INFO  com.intuit.karate - karate.env system property was:  
21:34:21.047 [ForkJoinPool-1-worker-1] INFO  com.intuit.karate - karate.env system property was: local 
21:34:21.047 [ForkJoinPool-1-worker-1] DEBUG com.intuit.karate - request:
1 > GET http://localhost:3001/product
1 > Accept-Encoding: gzip,deflate
1 > Connection: Keep-Alive
1 > Host: localhost:3001
1 > User-Agent: Apache-HttpClient/4.5.11 (Java/1.8.0_291)

21:34:21.207 [ForkJoinPool-1-worker-1] DEBUG com.intuit.karate - response time in milliseconds: 149.62
1 < 200
1 < Connection: keep-alive
1 < Content-Length: 6813
1 < Content-Type: application/json; charset=utf-8
1 < Date: Tue, 29 Jun 2021 19:34:21 GMT
1 < ETag: W/"1a9d-0rb/l+P7n7FOhyM5SzGAXTvzH6Y"
1 < Keep-Alive: timeout=5
1 < X-Powered-By: Express
[{"currency":"$","price":96,"name":"string","description":"string","imgUrl":"string"},{"currency":"$","price":94,"id":"FI444","name":"product","description":"description","imgUrl":"https://assets.adidas.com/images/w_320,h_320,f_auto,q_auto:sensitive,fl_lossy/6634cf36274b4ea5ac46ac4e00b2021e_9366/Superstar_Shoes_Black_FY0071_01_standard.jpg"},{"currency":"$","price":99,"id":"HI333","name":"product","description":"description","imgUrl":"https://assets.adidas.com/images/w_320,h_320,f_auto,q_auto:sensitive,fl_lossy/c7099422ccc14e44b406abec00ba6c96_9366/NMD_R1_V2_Shoes_Black_FY6862_01_standard.jpg"},{"currency":"$","price":94,"id":"HI334","name":"product","description":"description","imgUrl":"https://assets.adidas.com/images/w_320,h_320,f_auto,q_auto:sensitive,fl_lossy/c93fa315d2f64775ac1fab96016f09d1_9366/Dame_6_Shoes_Black_FV8624_01_standard.jpg"},{"currency":"$","price":95,"id":"HI336","name":"product","description":"description","imgUrl":"https://assets.adidas.com/images/w_320,h_320,f_auto,q_auto:sensitive,fl_lossy/3eebc0498b1347e397f8ab94016140ba_9366/FS1496_00_plp_standard.jpg"},{"currency":"$","price":27,"id":"HI337","name":"product","description":"description","imgUrl":"https://assets.adidas.com/images/w_320,h_320,f_auto,q_auto:sensitive,fl_lossy/f7b3df22026b42b8b539a9d300adb52b_9366/DZ9416_00_plp_standard.jpg"},{"currency":"$","price":27,"id":"HI338","name":"product","description":"description","imgUrl":"https://assets.adidas.com/images/w_276,h_276,f_auto,q_auto:sensitive,fl_lossy/c089e9b31e01406bbee5abc9009a421e_9366/FV9996_00_plp_standard.jpg"},{"currency":"$","price":41,"id":"HI339","name":"product","description":"description","imgUrl":"https://assets.adidas.com/images/w_276,h_276,f_auto,q_auto:sensitive,fl_lossy/da278c9c5e244068b32cac4d0125fedd_9366/FY2002_00_plp_standard.jpg"},{"currency":"$","price":7,"id":"HI340","name":"product","description":"description","imgUrl":"https://assets.adidas.com/images/w_276,h_276,f_auto,q_auto:sensitive,fl_lossy/3e13d15c862749708801ac4d01257e1c_9366/FY0072_00_plp_standard.jpg"},{"currency":"$","price":95,"id":"HI341","name":"product","description":"description","imgUrl":"https://assets.adidas.com/images/w_276,h_276,f_auto,q_auto:sensitive,fl_lossy/dd6788b5e79742c3bfbaac4e00f57272_9366/FY9386_00_plp_standard.jpg"},{"currency":"$","price":84,"id":"HI342","name":"product","description":"description","imgUrl":"https://assets.adidas.com/images/w_320,h_320,f_auto,q_auto:sensitive,fl_lossy/807d251c686648de85f2abb10042fdf9_9366/GC7240_01_laydown.jpg"},{"currency":"$","price":82,"id":"HI343","name":"product","description":"description","imgUrl":"https://assets.adidas.com/images/w_320,h_320,f_auto,q_auto:sensitive,fl_lossy/64a622f71145430cad1fabaa00590751_9366/GI7430_01_laydown.jpg"},{"currency":"$","price":60,"id":"HI344","name":"product","description":"description","imgUrl":"https://assets.adidas.com/images/w_320,h_320,f_auto,q_auto:sensitive,fl_lossy/bae82f2b58e7466aba6daba30141b1d4_9366/GD8454_01_laydown.jpg"},{"currency":"$","price":31,"id":"HI345","name":"product","description":"description","imgUrl":"https://assets.adidas.com/images/w_276,h_276,f_auto,q_auto:sensitive,fl_lossy/12b53067c3f44d3f90f3ac4d0139f637_9366/GZ2751_00_plp_standard.jpg"},{"currency":"$","price":53,"id":"HI346","name":"product","description":"description","imgUrl":"https://assets.adidas.com/images/w_320,h_320,f_auto,q_auto:sensitive,fl_lossy/c4ea90c85fce47db8e33ab8e00fcff20_9366/GD2372_01_laydown.jpg"},{"currency":"$","price":82,"id":"HI347","name":"product","description":"description","imgUrl":"https://assets.adidas.com/images/w_320,h_320,f_auto,q_auto:sensitive,fl_lossy/0fcb1719675b4df0a160ab1a0104630b_9366/GD3509_01_laydown.jpg"},{"currency":"$","price":1,"id":"HI348","name":"product","description":"description","imgUrl":"https://assets.adidas.com/images/w_320,h_320,f_auto,q_auto:sensitive,fl_lossy/22f397edbd074cb180f4ab5000c7aebf_9366/GD2328_01_laydown.jpg"},{"currency":"$","price":2,"id":"HI349","name":"product","description":"description","imgUrl":"https://assets.adidas.com/images/w_320,h_320,f_auto,q_auto:sensitive,fl_lossy/81b52cbaa4b3426b88fbabc20094e778_9366/GD4557_00_plp_standard.jpg"},{"currency":"$","price":37,"id":"HI350","name":"product","description":"description","imgUrl":"https://assets.adidas.com/images/w_276,h_276,f_auto,q_auto:sensitive,fl_lossy/09011a8bf86941bfaaa5ac4d01258fef_9366/FY0075_00_plp_standard.jpg"},{"currency":"$","price":12,"id":"HI351","name":"product","description":"description","imgUrl":"https://assets.adidas.com/images/w_276,h_276,f_auto,q_auto:sensitive,fl_lossy/b8c9ddc4ada74d9fb819ac450127c685_9366/FY0965_00_plp_standard.jpg"},{"currency":"$","price":96},{"currency":"$","price":96},{"currency":"$","price":96},{"currency":"$","price":6,"id":"HI777","name":null,"description":null,"imgUrl":"https://assets.adidas.com/images/w_276,h_276,f_auto,q_auto:sensitive,fl_lossy/b8c9ddc4ada74d9fb819ac450127c685_9366/FY0965_00_plp_standard.jpg"},{"currency":"$","price":96},{"currency":"$","price":96,"imgUrl":"https://assets.adidas.com/images/w_320,h_320,f_auto,q_auto:sensitive,fl_lossy/c4ea90c85fce47db8e33ab8e0ghgh0fcff20_9366/GD2372_01_laydown.jpg"},{"currency":"$","price":96,"name":"KaratePost","description":"A product for Karate framwork","imgUrl":"https://assets.adidas.com/images/w_320,h_320,f_auto,q_auto:sensitive,fl_lossy/6634cf36274b4ea5ac46ac4e00b2021e_9366/karate.jpg"},{"currency":"$","price":73,"id":"FIKarate","name":null,"description":null,"imgUrl":"https://assets.adidas.com/images/w_320,h_320,f_auto,q_auto:sensitive,fl_lossy/6634cf36274b4ea5ac46ac4e00b2021e_9366/karate.jpg"},{"currency":"$","price":73,"id":"FIKarate","name":"KaratePost","description":"A product for Karate framwork"},{"currency":"$","price":96},{"currency":"$","price":73,"id":"FIKarate","name":"KaratePost","description":"A product for Karate framwork","imgUrl":"https://assets.adidas.com/images/w_320,h_320,f_auto,q_auto:sensitive,fl_lossy/6634cf36274b4ea5ac46ac4e00b2021e_9366/karate.jpg"},{"currency":"$","price":96,"name":"KaratePost","description":"A product for Karate framwork","imgUrl":"https://assets.adidas.com/images/w_320,h_320,f_auto,q_auto:sensitive,fl_lossy/6634cf36274b4ea5ac46ac4e00b2021e_9366/karate.jpg"},{"currency":"$","price":73,"id":"FIKarate","description":"A product for Karate framwork","imgUrl":"https://assets.adidas.com/images/w_320,h_320,f_auto,q_auto:sensitive,fl_lossy/6634cf36274b4ea5ac46ac4e00b2021e_9366/karate.jpg"},{"currency":"$","price":73,"id":"FIKarate","name":"KaratePost","imgUrl":"https://assets.adidas.com/images/w_320,h_320,f_auto,q_auto:sensitive,fl_lossy/6634cf36274b4ea5ac46ac4e00b2021e_9366/karate.jpg"},{"currency":"$","price":73,"id":"FIKarate","name":"KaratePost","description":"A product for Karate framwork"},{"currency":"$","price":96}]

21:34:21.210 [ForkJoinPool-1-worker-1] INFO  com.intuit.karate - [print] [
  {
    "imgUrl": "string",
    "price": 96,
    "name": "string",
    "description": "string",
    "currency": "$"
  },
  {
    "imgUrl": "https://assets.adidas.com/images/w_320,h_320,f_auto,q_auto:sensitive,fl_lossy/6634cf36274b4ea5ac46ac4e00b2021e_9366/Superstar_Shoes_Black_FY0071_01_standard.jpg",
    "price": 94,
    "name": "product",
    "description": "description",
    "currency": "$",
    "id": "FI444"
  },
  {
    "imgUrl": "https://assets.adidas.com/images/w_320,h_320,f_auto,q_auto:sensitive,fl_lossy/c7099422ccc14e44b406abec00ba6c96_9366/NMD_R1_V2_Shoes_Black_FY6862_01_standard.jpg",
    "price": 99,
    "name": "product",
    "description": "description",
    "currency": "$",
    "id": "HI333"
  },
  {
    "imgUrl": "https://assets.adidas.com/images/w_320,h_320,f_auto,q_auto:sensitive,fl_lossy/c93fa315d2f64775ac1fab96016f09d1_9366/Dame_6_Shoes_Black_FV8624_01_standard.jpg",
    "price": 94,
    "name": "product",
    "description": "description",
    "currency": "$",
    "id": "HI334"
  },
  {
    "imgUrl": "https://assets.adidas.com/images/w_320,h_320,f_auto,q_auto:sensitive,fl_lossy/3eebc0498b1347e397f8ab94016140ba_9366/FS1496_00_plp_standard.jpg",
    "price": 95,
    "name": "product",
    "description": "description",
    "currency": "$",
    "id": "HI336"
  },
  {
    "imgUrl": "https://assets.adidas.com/images/w_320,h_320,f_auto,q_auto:sensitive,fl_lossy/f7b3df22026b42b8b539a9d300adb52b_9366/DZ9416_00_plp_standard.jpg",
    "price": 27,
    "name": "product",
    "description": "description",
    "currency": "$",
    "id": "HI337"
  },
  {
    "imgUrl": "https://assets.adidas.com/images/w_276,h_276,f_auto,q_auto:sensitive,fl_lossy/c089e9b31e01406bbee5abc9009a421e_9366/FV9996_00_plp_standard.jpg",
    "price": 27,
    "name": "product",
    "description": "description",
    "currency": "$",
    "id": "HI338"
  },
  {
    "imgUrl": "https://assets.adidas.com/images/w_276,h_276,f_auto,q_auto:sensitive,fl_lossy/da278c9c5e244068b32cac4d0125fedd_9366/FY2002_00_plp_standard.jpg",
    "price": 41,
    "name": "product",
    "description": "description",
    "currency": "$",
    "id": "HI339"
  },
  {
    "imgUrl": "https://assets.adidas.com/images/w_276,h_276,f_auto,q_auto:sensitive,fl_lossy/3e13d15c862749708801ac4d01257e1c_9366/FY0072_00_plp_standard.jpg",
    "price": 7,
    "name": "product",
    "description": "description",
    "currency": "$",
    "id": "HI340"
  },
  {
    "imgUrl": "https://assets.adidas.com/images/w_276,h_276,f_auto,q_auto:sensitive,fl_lossy/dd6788b5e79742c3bfbaac4e00f57272_9366/FY9386_00_plp_standard.jpg",
    "price": 95,
    "name": "product",
    "description": "description",
    "currency": "$",
    "id": "HI341"
  },
  {
    "imgUrl": "https://assets.adidas.com/images/w_320,h_320,f_auto,q_auto:sensitive,fl_lossy/807d251c686648de85f2abb10042fdf9_9366/GC7240_01_laydown.jpg",
    "price": 84,
    "name": "product",
    "description": "description",
    "currency": "$",
    "id": "HI342"
  },
  {
    "imgUrl": "https://assets.adidas.com/images/w_320,h_320,f_auto,q_auto:sensitive,fl_lossy/64a622f71145430cad1fabaa00590751_9366/GI7430_01_laydown.jpg",
    "price": 82,
    "name": "product",
    "description": "description",
    "currency": "$",
    "id": "HI343"
  },
  {
    "imgUrl": "https://assets.adidas.com/images/w_320,h_320,f_auto,q_auto:sensitive,fl_lossy/bae82f2b58e7466aba6daba30141b1d4_9366/GD8454_01_laydown.jpg",
    "price": 60,
    "name": "product",
    "description": "description",
    "currency": "$",
    "id": "HI344"
  },
  {
    "imgUrl": "https://assets.adidas.com/images/w_276,h_276,f_auto,q_auto:sensitive,fl_lossy/12b53067c3f44d3f90f3ac4d0139f637_9366/GZ2751_00_plp_standard.jpg",
    "price": 31,
    "name": "product",
    "description": "description",
    "currency": "$",
    "id": "HI345"
  },
  {
    "imgUrl": "https://assets.adidas.com/images/w_320,h_320,f_auto,q_auto:sensitive,fl_lossy/c4ea90c85fce47db8e33ab8e00fcff20_9366/GD2372_01_laydown.jpg",
    "price": 53,
    "name": "product",
    "description": "description",
    "currency": "$",
    "id": "HI346"
  },
  {
    "imgUrl": "https://assets.adidas.com/images/w_320,h_320,f_auto,q_auto:sensitive,fl_lossy/0fcb1719675b4df0a160ab1a0104630b_9366/GD3509_01_laydown.jpg",
    "price": 82,
    "name": "product",
    "description": "description",
    "currency": "$",
    "id": "HI347"
  },
  {
    "imgUrl": "https://assets.adidas.com/images/w_320,h_320,f_auto,q_auto:sensitive,fl_lossy/22f397edbd074cb180f4ab5000c7aebf_9366/GD2328_01_laydown.jpg",
    "price": 1,
    "name": "product",
    "description": "description",
    "currency": "$",
    "id": "HI348"
  },
  {
    "imgUrl": "https://assets.adidas.com/images/w_320,h_320,f_auto,q_auto:sensitive,fl_lossy/81b52cbaa4b3426b88fbabc20094e778_9366/GD4557_00_plp_standard.jpg",
    "price": 2,
    "name": "product",
    "description": "description",
    "currency": "$",
    "id": "HI349"
  },
  {
    "imgUrl": "https://assets.adidas.com/images/w_276,h_276,f_auto,q_auto:sensitive,fl_lossy/09011a8bf86941bfaaa5ac4d01258fef_9366/FY0075_00_plp_standard.jpg",
    "price": 37,
    "name": "product",
    "description": "description",
    "currency": "$",
    "id": "HI350"
  },
  {
    "imgUrl": "https://assets.adidas.com/images/w_276,h_276,f_auto,q_auto:sensitive,fl_lossy/b8c9ddc4ada74d9fb819ac450127c685_9366/FY0965_00_plp_standard.jpg",
    "price": 12,
    "name": "product",
    "description": "description",
    "currency": "$",
    "id": "HI351"
  },
  {
    "price": 96,
    "currency": "$"
  },
  {
    "price": 96,
    "currency": "$"
  },
  {
    "price": 96,
    "currency": "$"
  },
  {
    "imgUrl": "https://assets.adidas.com/images/w_276,h_276,f_auto,q_auto:sensitive,fl_lossy/b8c9ddc4ada74d9fb819ac450127c685_9366/FY0965_00_plp_standard.jpg",
    "price": 6,
    "name": null,
    "description": null,
    "currency": "$",
    "id": "HI777"
  },
  {
    "price": 96,
    "currency": "$"
  },
  {
    "imgUrl": "https://assets.adidas.com/images/w_320,h_320,f_auto,q_auto:sensitive,fl_lossy/c4ea90c85fce47db8e33ab8e0ghgh0fcff20_9366/GD2372_01_laydown.jpg",
    "price": 96,
    "currency": "$"
  },
  {
    "imgUrl": "https://assets.adidas.com/images/w_320,h_320,f_auto,q_auto:sensitive,fl_lossy/6634cf36274b4ea5ac46ac4e00b2021e_9366/karate.jpg",
    "price": 96,
    "name": "KaratePost",
    "description": "A product for Karate framwork",
    "currency": "$"
  },
  {
    "imgUrl": "https://assets.adidas.com/images/w_320,h_320,f_auto,q_auto:sensitive,fl_lossy/6634cf36274b4ea5ac46ac4e00b2021e_9366/karate.jpg",
    "price": 73,
    "name": null,
    "description": null,
    "currency": "$",
    "id": "FIKarate"
  },
  {
    "price": 73,
    "name": "KaratePost",
    "description": "A product for Karate framwork",
    "currency": "$",
    "id": "FIKarate"
  },
  {
    "price": 96,
    "currency": "$"
  },
  {
    "imgUrl": "https://assets.adidas.com/images/w_320,h_320,f_auto,q_auto:sensitive,fl_lossy/6634cf36274b4ea5ac46ac4e00b2021e_9366/karate.jpg",
    "price": 73,
    "name": "KaratePost",
    "description": "A product for Karate framwork",
    "currency": "$",
    "id": "FIKarate"
  },
  {
    "imgUrl": "https://assets.adidas.com/images/w_320,h_320,f_auto,q_auto:sensitive,fl_lossy/6634cf36274b4ea5ac46ac4e00b2021e_9366/karate.jpg",
    "price": 96,
    "name": "KaratePost",
    "description": "A product for Karate framwork",
    "currency": "$"
  },
  {
    "imgUrl": "https://assets.adidas.com/images/w_320,h_320,f_auto,q_auto:sensitive,fl_lossy/6634cf36274b4ea5ac46ac4e00b2021e_9366/karate.jpg",
    "price": 73,
    "description": "A product for Karate framwork",
    "currency": "$",
    "id": "FIKarate"
  },
  {
    "imgUrl": "https://assets.adidas.com/images/w_320,h_320,f_auto,q_auto:sensitive,fl_lossy/6634cf36274b4ea5ac46ac4e00b2021e_9366/karate.jpg",
    "price": 73,
    "name": "KaratePost",
    "currency": "$",
    "id": "FIKarate"
  },
  {
    "price": 73,
    "name": "KaratePost",
    "description": "A product for Karate framwork",
    "currency": "$",
    "id": "FIKarate"
  },
  {
    "price": 96,
    "currency": "$"
  }
]

21:34:21.287 [ForkJoinPool-1-worker-1] ERROR com.intuit.karate - assertion failed: path: $[0].price, actual: 94, expected: 59, reason: not equal (Integer)
21:34:21.318 [ForkJoinPool-1-worker-1] INFO  com.intuit.karate - karate.env system property was:  
21:34:21.318 [ForkJoinPool-1-worker-1] INFO  com.intuit.karate - karate.env system property was: local 
21:34:21.334 [ForkJoinPool-1-worker-1] DEBUG com.intuit.karate - request:
1 > GET http://localhost:3001/product/FI444
1 > Accept-Encoding: gzip,deflate
1 > Connection: Keep-Alive
1 > Host: localhost:3001
1 > User-Agent: Apache-HttpClient/4.5.11 (Java/1.8.0_291)

21:34:21.376 [ForkJoinPool-1-worker-1] DEBUG com.intuit.karate - response time in milliseconds: 28.00
1 < 200
1 < Connection: keep-alive
1 < Content-Length: 257
1 < Content-Type: application/json; charset=utf-8
1 < Date: Tue, 29 Jun 2021 19:34:21 GMT
1 < ETag: W/"101-45wUMJY2BYRr2VdXMWbiK+t2tcw"
1 < Keep-Alive: timeout=5
1 < X-Powered-By: Express
{"currency":"$","price":94,"id":"FI444","name":"product","description":"description","imgUrl":"https://assets.adidas.com/images/w_320,h_320,f_auto,q_auto:sensitive,fl_lossy/6634cf36274b4ea5ac46ac4e00b2021e_9366/Superstar_Shoes_Black_FY0071_01_standard.jpg"}

21:34:21.376 [ForkJoinPool-1-worker-1] INFO  com.intuit.karate - [print] {
  "imgUrl": "https://assets.adidas.com/images/w_320,h_320,f_auto,q_auto:sensitive,fl_lossy/6634cf36274b4ea5ac46ac4e00b2021e_9366/Superstar_Shoes_Black_FY0071_01_standard.jpg",
  "price": 94,
  "name": "product",
  "description": "description",
  "currency": "$",
  "id": "FI444"
}

21:34:21.376 [ForkJoinPool-1-worker-1] ERROR com.intuit.karate - assertion failed: path: $.price, actual: 94, expected: 59, reason: not equal (Integer)
21:34:21.392 [ForkJoinPool-1-worker-1] INFO  com.intuit.karate - karate.env system property was:  
21:34:21.392 [ForkJoinPool-1-worker-1] INFO  com.intuit.karate - karate.env system property was: local 
21:34:21.392 [ForkJoinPool-1-worker-1] DEBUG com.intuit.karate - request:
1 > POST http://localhost:3001/product
1 > Accept-Encoding: gzip,deflate
1 > Connection: Keep-Alive
1 > Content-Length: 221
1 > Content-Type: application/json; charset=UTF-8
1 > Host: localhost:3001
1 > User-Agent: Apache-HttpClient/4.5.11 (Java/1.8.0_291)
{"id":"FIKarate","name":"KaratePost","description":"A product for Karate framwork","imgUrl":"https://assets.adidas.com/images/w_320,h_320,f_auto,q_auto:sensitive,fl_lossy/6634cf36274b4ea5ac46ac4e00b2021e_9366/karate.jpg"}

21:34:21.430 [ForkJoinPool-1-worker-1] DEBUG com.intuit.karate - response time in milliseconds: 27.20
1 < 200
1 < Connection: keep-alive
1 < Content-Length: 254
1 < Content-Type: application/json; charset=utf-8
1 < Date: Tue, 29 Jun 2021 19:34:21 GMT
1 < ETag: W/"fe-NB5lrvellzNWJbpXqOVF5hb7Atc"
1 < Keep-Alive: timeout=5
1 < X-Powered-By: Express
{"id":"FIKarate","name":"KaratePost","description":"A product for Karate framwork","imgUrl":"https://assets.adidas.com/images/w_320,h_320,f_auto,q_auto:sensitive,fl_lossy/6634cf36274b4ea5ac46ac4e00b2021e_9366/karate.jpg","_id":"60db75bd74566addb5e10188"}

21:34:21.430 [ForkJoinPool-1-worker-1] INFO  com.intuit.karate - [print] {
  "imgUrl": "https://assets.adidas.com/images/w_320,h_320,f_auto,q_auto:sensitive,fl_lossy/6634cf36274b4ea5ac46ac4e00b2021e_9366/karate.jpg",
  "name": "KaratePost",
  "description": "A product for Karate framwork",
  "id": "FIKarate",
  "_id": "60db75bd74566addb5e10188"
}

21:34:21.444 [ForkJoinPool-1-worker-1] INFO  com.intuit.karate - karate.env system property was:  
21:34:21.444 [ForkJoinPool-1-worker-1] INFO  com.intuit.karate - karate.env system property was: local 
21:34:21.460 [ForkJoinPool-1-worker-1] DEBUG com.intuit.karate - request:
1 > PUT http://localhost:3001/product/FIKarate
1 > Accept-Encoding: gzip,deflate
1 > Connection: Keep-Alive
1 > Content-Length: 220
1 > Content-Type: application/json; charset=UTF-8
1 > Host: localhost:3001
1 > User-Agent: Apache-HttpClient/4.5.11 (Java/1.8.0_291)
{"id":"FIKarate","name":"KaratePut","description":"A product for Karate framwork","imgUrl":"https://assets.adidas.com/images/w_320,h_320,f_auto,q_auto:sensitive,fl_lossy/6634cf36274b4ea5ac46ac4e00b2021e_9366/karate.jpg"}

21:34:21.493 [ForkJoinPool-1-worker-1] DEBUG com.intuit.karate - response time in milliseconds: 24.06
1 < 200
1 < Connection: keep-alive
1 < Content-Length: 220
1 < Content-Type: application/json; charset=utf-8
1 < Date: Tue, 29 Jun 2021 19:34:21 GMT
1 < ETag: W/"dc-aHJy/s0yIyS7iUnjJDnJeJtlQ18"
1 < Keep-Alive: timeout=5
1 < X-Powered-By: Express
{"id":"FIKarate","name":"KaratePut","description":"A product for Karate framwork","imgUrl":"https://assets.adidas.com/images/w_320,h_320,f_auto,q_auto:sensitive,fl_lossy/6634cf36274b4ea5ac46ac4e00b2021e_9366/karate.jpg"}

21:34:21.493 [ForkJoinPool-1-worker-1] INFO  com.intuit.karate - [print] {
  "imgUrl": "https://assets.adidas.com/images/w_320,h_320,f_auto,q_auto:sensitive,fl_lossy/6634cf36274b4ea5ac46ac4e00b2021e_9366/karate.jpg",
  "name": "KaratePut",
  "description": "A product for Karate framwork",
  "id": "FIKarate"
}

21:34:21.508 [ForkJoinPool-1-worker-1] INFO  com.intuit.karate - karate.env system property was:  
21:34:21.508 [ForkJoinPool-1-worker-1] INFO  com.intuit.karate - karate.env system property was: local 
21:34:21.508 [ForkJoinPool-1-worker-1] DEBUG com.intuit.karate - request:
1 > DELETE http://localhost:3001/product/FIKarate
1 > Accept-Encoding: gzip,deflate
1 > Connection: Keep-Alive
1 > Host: localhost:3001
1 > User-Agent: Apache-HttpClient/4.5.11 (Java/1.8.0_291)

21:34:21.544 [ForkJoinPool-1-worker-1] DEBUG com.intuit.karate - response time in milliseconds: 23.68
1 < 200
1 < Connection: keep-alive
1 < Content-Length: 8
1 < Content-Type: application/json; charset=utf-8
1 < Date: Tue, 29 Jun 2021 19:34:21 GMT
1 < ETag: W/"8-Nv24HbD1i+MHVjOdNPLzttklKUw"
1 < Keep-Alive: timeout=5
1 < X-Powered-By: Express
{"ok":1}

21:34:21.544 [ForkJoinPool-1-worker-1] INFO  com.intuit.karate - [print] {
  "ok": 1
}

21:34:21.554 [ForkJoinPool-1-worker-1] INFO  com.intuit.karate - karate.env system property was:  
21:34:21.554 [ForkJoinPool-1-worker-1] INFO  com.intuit.karate - karate.env system property was: local 
21:34:21.557 [ForkJoinPool-1-worker-1] DEBUG com.intuit.karate - request:
1 > GET http://localhost:3001/product/FI000
1 > Accept-Encoding: gzip,deflate
1 > Connection: Keep-Alive
1 > Host: localhost:3001
1 > User-Agent: Apache-HttpClient/4.5.11 (Java/1.8.0_291)

21:34:21.578 [ForkJoinPool-1-worker-1] DEBUG com.intuit.karate - response time in milliseconds: 15.57
1 < 500
1 < Connection: keep-alive
1 < Content-Length: 588
1 < Content-Security-Policy: default-src 'self'
1 < Content-Type: text/html; charset=utf-8
1 < Date: Tue, 29 Jun 2021 19:34:21 GMT
1 < Keep-Alive: timeout=5
1 < X-Content-Type-Options: nosniff
1 < X-Powered-By: Express
<!DOCTYPE html>
<html lang="en">
<head>
<meta charset="utf-8">
<title>Error</title>
</head>
<body>
<pre>TypeError: Cannot read property &#39;id&#39; of null<br> &nbsp; &nbsp;at ProductService.&lt;anonymous&gt; (/app/service/product.js:187:107)<br> &nbsp; &nbsp;at step (/app/service/product.js:44:23)<br> &nbsp; &nbsp;at Object.next (/app/service/product.js:25:53)<br> &nbsp; &nbsp;at fulfilled (/app/service/product.js:16:58)<br> &nbsp; &nbsp;at runMicrotasks (&lt;anonymous&gt;)<br> &nbsp; &nbsp;at processTicksAndRejections (internal/process/task_queues.js:93:5)</pre>
</body>
</html>


21:34:21.594 [ForkJoinPool-1-worker-1] WARN  com.intuit.karate - xml parsing failed, response data type set to string: org.xml.sax.SAXParseException; lineNumber: 6; columnNumber: 3; The element type "meta" must be terminated by the matching end-tag "</meta>".
21:34:21.594 [ForkJoinPool-1-worker-1] INFO  com.intuit.karate - [print] <!DOCTYPE html>
<html lang="en">
<head>
<meta charset="utf-8">
<title>Error</title>
</head>
<body>
<pre>TypeError: Cannot read property &#39;id&#39; of null<br> &nbsp; &nbsp;at ProductService.&lt;anonymous&gt; (/app/service/product.js:187:107)<br> &nbsp; &nbsp;at step (/app/service/product.js:44:23)<br> &nbsp; &nbsp;at Object.next (/app/service/product.js:25:53)<br> &nbsp; &nbsp;at fulfilled (/app/service/product.js:16:58)<br> &nbsp; &nbsp;at runMicrotasks (&lt;anonymous&gt;)<br> &nbsp; &nbsp;at processTicksAndRejections (internal/process/task_queues.js:93:5)</pre>
</body>
</html>

21:34:21.609 [ForkJoinPool-1-worker-1] INFO  com.intuit.karate - karate.env system property was:  
21:34:21.609 [ForkJoinPool-1-worker-1] INFO  com.intuit.karate - karate.env system property was: local 
21:34:21.625 [ForkJoinPool-1-worker-1] DEBUG com.intuit.karate - request:
1 > POST http://localhost:3001/product
1 > Accept-Encoding: gzip,deflate
1 > Connection: Keep-Alive
1 > Content-Length: 205
1 > Content-Type: application/json; charset=UTF-8
1 > Host: localhost:3001
1 > User-Agent: Apache-HttpClient/4.5.11 (Java/1.8.0_291)
{"name":"KaratePost","description":"A product for Karate framwork","imgUrl":"https://assets.adidas.com/images/w_320,h_320,f_auto,q_auto:sensitive,fl_lossy/6634cf36274b4ea5ac46ac4e00b2021e_9366/karate.jpg"}

21:34:21.648 [ForkJoinPool-1-worker-1] DEBUG com.intuit.karate - response time in milliseconds: 21.89
1 < 200
1 < Connection: keep-alive
1 < Content-Length: 238
1 < Content-Type: application/json; charset=utf-8
1 < Date: Tue, 29 Jun 2021 19:34:21 GMT
1 < ETag: W/"ee-6gvz4VOSObUeHndeWNvFUfXm+oU"
1 < Keep-Alive: timeout=5
1 < X-Powered-By: Express
{"name":"KaratePost","description":"A product for Karate framwork","imgUrl":"https://assets.adidas.com/images/w_320,h_320,f_auto,q_auto:sensitive,fl_lossy/6634cf36274b4ea5ac46ac4e00b2021e_9366/karate.jpg","_id":"60db75bd74566a37ace10189"}

21:34:21.649 [ForkJoinPool-1-worker-1] ERROR com.intuit.karate - status code was: 200, expected: 400, response time: 22, url: http://localhost:3001/product, response: {"imgUrl":"https://assets.adidas.com/images/w_320,h_320,f_auto,q_auto:sensitive,fl_lossy/6634cf36274b4ea5ac46ac4e00b2021e_9366/karate.jpg","name":"KaratePost","description":"A product for Karate framwork","_id":"60db75bd74566a37ace10189"}
21:34:21.657 [ForkJoinPool-1-worker-1] INFO  com.intuit.karate - karate.env system property was:  
21:34:21.657 [ForkJoinPool-1-worker-1] INFO  com.intuit.karate - karate.env system property was: local 
21:34:21.657 [ForkJoinPool-1-worker-1] DEBUG com.intuit.karate - request:
1 > POST http://localhost:3001/product
1 > Accept-Encoding: gzip,deflate
1 > Connection: Keep-Alive
1 > Content-Length: 201
1 > Content-Type: application/json; charset=UTF-8
1 > Host: localhost:3001
1 > User-Agent: Apache-HttpClient/4.5.11 (Java/1.8.0_291)
{"id":"FIKarate","description":"A product for Karate framwork","imgUrl":"https://assets.adidas.com/images/w_320,h_320,f_auto,q_auto:sensitive,fl_lossy/6634cf36274b4ea5ac46ac4e00b2021e_9366/karate.jpg"}

21:34:21.679 [ForkJoinPool-1-worker-1] DEBUG com.intuit.karate - response time in milliseconds: 13.59
1 < 200
1 < Connection: keep-alive
1 < Content-Length: 234
1 < Content-Type: application/json; charset=utf-8
1 < Date: Tue, 29 Jun 2021 19:34:21 GMT
1 < ETag: W/"ea-wWaHOwwlloKkjWWdIPBNTeN1vvo"
1 < Keep-Alive: timeout=5
1 < X-Powered-By: Express
{"id":"FIKarate","description":"A product for Karate framwork","imgUrl":"https://assets.adidas.com/images/w_320,h_320,f_auto,q_auto:sensitive,fl_lossy/6634cf36274b4ea5ac46ac4e00b2021e_9366/karate.jpg","_id":"60db75bd74566a7726e1018a"}

21:34:21.680 [ForkJoinPool-1-worker-1] ERROR com.intuit.karate - status code was: 200, expected: 400, response time: 14, url: http://localhost:3001/product, response: {"imgUrl":"https://assets.adidas.com/images/w_320,h_320,f_auto,q_auto:sensitive,fl_lossy/6634cf36274b4ea5ac46ac4e00b2021e_9366/karate.jpg","description":"A product for Karate framwork","id":"FIKarate","_id":"60db75bd74566a7726e1018a"}
21:34:21.691 [ForkJoinPool-1-worker-1] INFO  com.intuit.karate - karate.env system property was:  
21:34:21.691 [ForkJoinPool-1-worker-1] INFO  com.intuit.karate - karate.env system property was: local 
21:34:21.691 [ForkJoinPool-1-worker-1] DEBUG com.intuit.karate - request:
1 > POST http://localhost:3001/product
1 > Accept-Encoding: gzip,deflate
1 > Connection: Keep-Alive
1 > Content-Length: 175
1 > Content-Type: application/json; charset=UTF-8
1 > Host: localhost:3001
1 > User-Agent: Apache-HttpClient/4.5.11 (Java/1.8.0_291)
{"id":"FIKarate","name":"KaratePost","imgUrl":"https://assets.adidas.com/images/w_320,h_320,f_auto,q_auto:sensitive,fl_lossy/6634cf36274b4ea5ac46ac4e00b2021e_9366/karate.jpg"}

21:34:21.762 [ForkJoinPool-1-worker-1] DEBUG com.intuit.karate - response time in milliseconds: 45.96
1 < 200
1 < Connection: keep-alive
1 < Content-Length: 208
1 < Content-Type: application/json; charset=utf-8
1 < Date: Tue, 29 Jun 2021 19:34:21 GMT
1 < ETag: W/"d0-Q0LkNeNxKIDfajVAvLMnSAUNDws"
1 < Keep-Alive: timeout=5
1 < X-Powered-By: Express
{"id":"FIKarate","name":"KaratePost","imgUrl":"https://assets.adidas.com/images/w_320,h_320,f_auto,q_auto:sensitive,fl_lossy/6634cf36274b4ea5ac46ac4e00b2021e_9366/karate.jpg","_id":"60db75bd74566a62cae1018b"}

21:34:21.763 [ForkJoinPool-1-worker-1] ERROR com.intuit.karate - status code was: 200, expected: 400, response time: 46, url: http://localhost:3001/product, response: {"imgUrl":"https://assets.adidas.com/images/w_320,h_320,f_auto,q_auto:sensitive,fl_lossy/6634cf36274b4ea5ac46ac4e00b2021e_9366/karate.jpg","name":"KaratePost","id":"FIKarate","_id":"60db75bd74566a62cae1018b"}
21:34:21.765 [ForkJoinPool-1-worker-1] INFO  com.intuit.karate - karate.env system property was:  
21:34:21.765 [ForkJoinPool-1-worker-1] INFO  com.intuit.karate - karate.env system property was: local 
21:34:21.786 [ForkJoinPool-1-worker-1] DEBUG com.intuit.karate - request:
1 > POST http://localhost:3001/product
1 > Accept-Encoding: gzip,deflate
1 > Connection: Keep-Alive
1 > Content-Length: 83
1 > Content-Type: application/json; charset=UTF-8
1 > Host: localhost:3001
1 > User-Agent: Apache-HttpClient/4.5.11 (Java/1.8.0_291)
{"id":"FIKarate","name":"KaratePost","description":"A product for Karate framwork"}

21:34:21.803 [ForkJoinPool-1-worker-1] DEBUG com.intuit.karate - response time in milliseconds: 15.15
1 < 200
1 < Connection: keep-alive
1 < Content-Length: 116
1 < Content-Type: application/json; charset=utf-8
1 < Date: Tue, 29 Jun 2021 19:34:21 GMT
1 < ETag: W/"74-ZT1W0qUki/6Y7A1cJGydg4fJsQ0"
1 < Keep-Alive: timeout=5
1 < X-Powered-By: Express
{"id":"FIKarate","name":"KaratePost","description":"A product for Karate framwork","_id":"60db75bd74566a62b5e1018c"}

21:34:21.803 [ForkJoinPool-1-worker-1] ERROR com.intuit.karate - status code was: 200, expected: 400, response time: 15, url: http://localhost:3001/product, response: {"name":"KaratePost","description":"A product for Karate framwork","id":"FIKarate","_id":"60db75bd74566a62b5e1018c"}
21:34:21.811 [ForkJoinPool-1-worker-1] INFO  com.intuit.karate - karate.env system property was:  
21:34:21.811 [ForkJoinPool-1-worker-1] INFO  com.intuit.karate - karate.env system property was: local 
21:34:21.811 [ForkJoinPool-1-worker-1] DEBUG com.intuit.karate - request:
1 > POST http://localhost:3001/product
1 > Accept-Encoding: gzip,deflate
1 > Connection: Keep-Alive
1 > Content-Length: 2
1 > Content-Type: application/json; charset=UTF-8
1 > Host: localhost:3001
1 > User-Agent: Apache-HttpClient/4.5.11 (Java/1.8.0_291)
{}

21:34:21.838 [ForkJoinPool-1-worker-1] DEBUG com.intuit.karate - response time in milliseconds: 18.20
1 < 200
1 < Connection: keep-alive
1 < Content-Length: 34
1 < Content-Type: application/json; charset=utf-8
1 < Date: Tue, 29 Jun 2021 19:34:21 GMT
1 < ETag: W/"22-IPwmURqaMW1BgOszvXBhWiQ7pSQ"
1 < Keep-Alive: timeout=5
1 < X-Powered-By: Express
{"_id":"60db75bd74566a6340e1018d"}

21:34:21.839 [ForkJoinPool-1-worker-1] ERROR com.intuit.karate - status code was: 200, expected: 400, response time: 18, url: http://localhost:3001/product, response: {"_id":"60db75bd74566a6340e1018d"}
21:34:21.854 [ForkJoinPool-1-worker-1] INFO  com.intuit.karate - karate.env system property was:  
21:34:21.854 [ForkJoinPool-1-worker-1] INFO  com.intuit.karate - karate.env system property was: local 
21:34:21.870 [ForkJoinPool-1-worker-1] DEBUG com.intuit.karate - request:
1 > PUT http://localhost:3001/product/FIKarate
1 > Accept-Encoding: gzip,deflate
1 > Connection: Keep-Alive
1 > Content-Length: 204
1 > Content-Type: application/json; charset=UTF-8
1 > Host: localhost:3001
1 > User-Agent: Apache-HttpClient/4.5.11 (Java/1.8.0_291)
{"name":"KaratePut","description":"A product for Karate framwork","imgUrl":"https://assets.adidas.com/images/w_320,h_320,f_auto,q_auto:sensitive,fl_lossy/6634cf36274b4ea5ac46ac4e00b2021e_9366/karate.jpg"}

21:34:21.943 [ForkJoinPool-1-worker-1] DEBUG com.intuit.karate - response time in milliseconds: 68.29
1 < 200
1 < Connection: keep-alive
1 < Content-Length: 204
1 < Content-Type: application/json; charset=utf-8
1 < Date: Tue, 29 Jun 2021 19:34:21 GMT
1 < ETag: W/"cc-Gz5S8NBYw7YymVfsIHKwfe3N9LM"
1 < Keep-Alive: timeout=5
1 < X-Powered-By: Express
{"name":"KaratePut","description":"A product for Karate framwork","imgUrl":"https://assets.adidas.com/images/w_320,h_320,f_auto,q_auto:sensitive,fl_lossy/6634cf36274b4ea5ac46ac4e00b2021e_9366/karate.jpg"}

21:34:21.943 [ForkJoinPool-1-worker-1] ERROR com.intuit.karate - status code was: 200, expected: 400, response time: 68, url: http://localhost:3001/product/FIKarate, response: {"imgUrl":"https://assets.adidas.com/images/w_320,h_320,f_auto,q_auto:sensitive,fl_lossy/6634cf36274b4ea5ac46ac4e00b2021e_9366/karate.jpg","name":"KaratePut","description":"A product for Karate framwork"}
21:34:21.958 [ForkJoinPool-1-worker-1] INFO  com.intuit.karate - karate.env system property was:  
21:34:21.958 [ForkJoinPool-1-worker-1] INFO  com.intuit.karate - karate.env system property was: local 
21:34:21.958 [ForkJoinPool-1-worker-1] DEBUG com.intuit.karate - request:
1 > PUT http://localhost:3001/product/FIKarate
1 > Accept-Encoding: gzip,deflate
1 > Connection: Keep-Alive
1 > Content-Length: 201
1 > Content-Type: application/json; charset=UTF-8
1 > Host: localhost:3001
1 > User-Agent: Apache-HttpClient/4.5.11 (Java/1.8.0_291)
{"id":"FIKarate","description":"A product for Karate framwork","imgUrl":"https://assets.adidas.com/images/w_320,h_320,f_auto,q_auto:sensitive,fl_lossy/6634cf36274b4ea5ac46ac4e00b2021e_9366/karate.jpg"}

21:34:21.985 [ForkJoinPool-1-worker-1] DEBUG com.intuit.karate - response time in milliseconds: 19.61
1 < 200
1 < Connection: keep-alive
1 < Content-Length: 201
1 < Content-Type: application/json; charset=utf-8
1 < Date: Tue, 29 Jun 2021 19:34:21 GMT
1 < ETag: W/"c9-mdmPmv1G6nEbXgtsue/7ANHrbX4"
1 < Keep-Alive: timeout=5
1 < X-Powered-By: Express
{"id":"FIKarate","description":"A product for Karate framwork","imgUrl":"https://assets.adidas.com/images/w_320,h_320,f_auto,q_auto:sensitive,fl_lossy/6634cf36274b4ea5ac46ac4e00b2021e_9366/karate.jpg"}

21:34:21.985 [ForkJoinPool-1-worker-1] ERROR com.intuit.karate - status code was: 200, expected: 400, response time: 20, url: http://localhost:3001/product/FIKarate, response: {"imgUrl":"https://assets.adidas.com/images/w_320,h_320,f_auto,q_auto:sensitive,fl_lossy/6634cf36274b4ea5ac46ac4e00b2021e_9366/karate.jpg","description":"A product for Karate framwork","id":"FIKarate"}
21:34:21.985 [ForkJoinPool-1-worker-1] INFO  com.intuit.karate - karate.env system property was:  
21:34:21.985 [ForkJoinPool-1-worker-1] INFO  com.intuit.karate - karate.env system property was: local 
21:34:22.000 [ForkJoinPool-1-worker-1] DEBUG com.intuit.karate - request:
1 > PUT http://localhost:3001/product/FIKarate
1 > Accept-Encoding: gzip,deflate
1 > Connection: Keep-Alive
1 > Content-Length: 174
1 > Content-Type: application/json; charset=UTF-8
1 > Host: localhost:3001
1 > User-Agent: Apache-HttpClient/4.5.11 (Java/1.8.0_291)
{"id":"FIKarate","name":"KaratePut","imgUrl":"https://assets.adidas.com/images/w_320,h_320,f_auto,q_auto:sensitive,fl_lossy/6634cf36274b4ea5ac46ac4e00b2021e_9366/karate.jpg"}

21:34:22.130 [ForkJoinPool-1-worker-1] DEBUG com.intuit.karate - response time in milliseconds: 125.04
1 < 200
1 < Connection: keep-alive
1 < Content-Length: 174
1 < Content-Type: application/json; charset=utf-8
1 < Date: Tue, 29 Jun 2021 19:34:22 GMT
1 < ETag: W/"ae-AXxkBt+fYNBixaVrdYrHViFzPfc"
1 < Keep-Alive: timeout=5
1 < X-Powered-By: Express
{"id":"FIKarate","name":"KaratePut","imgUrl":"https://assets.adidas.com/images/w_320,h_320,f_auto,q_auto:sensitive,fl_lossy/6634cf36274b4ea5ac46ac4e00b2021e_9366/karate.jpg"}

21:34:22.130 [ForkJoinPool-1-worker-1] ERROR com.intuit.karate - status code was: 200, expected: 400, response time: 125, url: http://localhost:3001/product/FIKarate, response: {"imgUrl":"https://assets.adidas.com/images/w_320,h_320,f_auto,q_auto:sensitive,fl_lossy/6634cf36274b4ea5ac46ac4e00b2021e_9366/karate.jpg","name":"KaratePut","id":"FIKarate"}
21:34:22.130 [ForkJoinPool-1-worker-1] INFO  com.intuit.karate - karate.env system property was:  
21:34:22.130 [ForkJoinPool-1-worker-1] INFO  com.intuit.karate - karate.env system property was: local 
21:34:22.130 [ForkJoinPool-1-worker-1] DEBUG com.intuit.karate - request:
1 > PUT http://localhost:3001/product/FIKarate
1 > Accept-Encoding: gzip,deflate
1 > Connection: Keep-Alive
1 > Content-Length: 82
1 > Content-Type: application/json; charset=UTF-8
1 > Host: localhost:3001
1 > User-Agent: Apache-HttpClient/4.5.11 (Java/1.8.0_291)
{"id":"FIKarate","name":"KaratePut","description":"A product for Karate framwork"}

21:34:22.180 [ForkJoinPool-1-worker-1] DEBUG com.intuit.karate - response time in milliseconds: 35.69
1 < 200
1 < Connection: keep-alive
1 < Content-Length: 82
1 < Content-Type: application/json; charset=utf-8
1 < Date: Tue, 29 Jun 2021 19:34:22 GMT
1 < ETag: W/"52-d4N44WQr3YSsVVw7ztkeij9sgYw"
1 < Keep-Alive: timeout=5
1 < X-Powered-By: Express
{"id":"FIKarate","name":"KaratePut","description":"A product for Karate framwork"}

21:34:22.180 [ForkJoinPool-1-worker-1] ERROR com.intuit.karate - status code was: 200, expected: 400, response time: 36, url: http://localhost:3001/product/FIKarate, response: {"name":"KaratePut","description":"A product for Karate framwork","id":"FIKarate"}
21:34:22.196 [ForkJoinPool-1-worker-1] INFO  com.intuit.karate - karate.env system property was:  
21:34:22.196 [ForkJoinPool-1-worker-1] INFO  com.intuit.karate - karate.env system property was: local 
21:34:22.196 [ForkJoinPool-1-worker-1] DEBUG com.intuit.karate - request:
1 > PUT http://localhost:3001/product/FIKarate
1 > Accept-Encoding: gzip,deflate
1 > Connection: Keep-Alive
1 > Content-Length: 2
1 > Content-Type: application/json; charset=UTF-8
1 > Host: localhost:3001
1 > User-Agent: Apache-HttpClient/4.5.11 (Java/1.8.0_291)
{}

21:34:22.240 [ForkJoinPool-1-worker-1] DEBUG com.intuit.karate - response time in milliseconds: 33.78
1 < 200
1 < Connection: keep-alive
1 < Content-Length: 2
1 < Content-Type: application/json; charset=utf-8
1 < Date: Tue, 29 Jun 2021 19:34:22 GMT
1 < ETag: W/"2-vyGp6PvFo4RvsFtPoIWeCReyIC8"
1 < Keep-Alive: timeout=5
1 < X-Powered-By: Express
{}

21:34:22.240 [ForkJoinPool-1-worker-1] ERROR com.intuit.karate - status code was: 200, expected: 400, response time: 34, url: http://localhost:3001/product/FIKarate, response: {}
21:34:22.240 [ForkJoinPool-1-worker-1] INFO  com.intuit.karate - karate.env system property was:  
21:34:22.240 [ForkJoinPool-1-worker-1] INFO  com.intuit.karate - karate.env system property was: local 
21:34:22.255 [ForkJoinPool-1-worker-1] DEBUG com.intuit.karate - request:
1 > DELETE http://localhost:3001/product/DeleteInvalidId
1 > Accept-Encoding: gzip,deflate
1 > Connection: Keep-Alive
1 > Host: localhost:3001
1 > User-Agent: Apache-HttpClient/4.5.11 (Java/1.8.0_291)

21:34:22.281 [ForkJoinPool-1-worker-1] DEBUG com.intuit.karate - response time in milliseconds: 21.73
1 < 200
1 < Connection: keep-alive
1 < Content-Length: 8
1 < Content-Type: application/json; charset=utf-8
1 < Date: Tue, 29 Jun 2021 19:34:22 GMT
1 < ETag: W/"8-n0YJKrHUKcfFFsBWNRxRXtMEn2Q"
1 < Keep-Alive: timeout=5
1 < X-Powered-By: Express
{"ok":0}

21:34:22.281 [ForkJoinPool-1-worker-1] ERROR com.intuit.karate - status code was: 200, expected: 400, response time: 22, url: http://localhost:3001/product/DeleteInvalidId, response: {"ok":0}
21:34:22.365 [pool-1-thread-1] INFO  com.intuit.karate.Runner - <<fail>> feature 2 of 2: classpath:features/Products.feature
---------------------------------------------------------
feature: classpath:features/Products.feature
report: target\cucumber-html-reports\features.Products.json
scenarios: 17 | passed:  4 | failed: 13 | time: 0.9538
---------------------------------------------------------
Karate version: 0.9.5
======================================================
elapsed:   4.77 | threads:    1 | thread time: 2.48 
features:     2 | ignored:    0 | efficiency: 0.52
scenarios:   21 | passed:     7 | failed: 14
======================================================
failed features:
features.Products Review: Products Review.feature:21 - path: $.productId, actual: 'FIKarate', expected: 'FI444', reason: not equal
features.Products: Products.feature:12 - path: $[0].price, actual: 94, expected: 59, reason: not equal (Integer)
Products.feature:26 - path: $.price, actual: 94, expected: 59, reason: not equal (Integer)
Products.feature:95 - status code was: 200, expected: 400, response time: 22, url: http://localhost:3001/product, response: {"imgUrl":"https://assets.adidas.com/images/w_320,h_320,f_auto,q_auto:sensitive,fl_lossy/6634cf36274b4ea5ac46ac4e00b2021e_9366/karate.jpg","name":"KaratePost","description":"A product for Karate framwork","_id":"60db75bd74566a37ace10189"}
Products.feature:109 - status code was: 200, expected: 400, response time: 14, url: http://localhost:3001/product, response: {"imgUrl":"https://assets.adidas.com/images/w_320,h_320,f_auto,q_auto:sensitive,fl_lossy/6634cf36274b4ea5ac46ac4e00b2021e_9366/karate.jpg","description":"A product for Karate framwork","id":"FIKarate","_id":"60db75bd74566a7726e1018a"}
Products.feature:123 - status code was: 200, expected: 400, response time: 46, url: http://localhost:3001/product, response: {"imgUrl":"https://assets.adidas.com/images/w_320,h_320,f_auto,q_auto:sensitive,fl_lossy/6634cf36274b4ea5ac46ac4e00b2021e_9366/karate.jpg","name":"KaratePost","id":"FIKarate","_id":"60db75bd74566a62cae1018b"}
Products.feature:137 - status code was: 200, expected: 400, response time: 15, url: http://localhost:3001/product, response: {"name":"KaratePost","description":"A product for Karate framwork","id":"FIKarate","_id":"60db75bd74566a62b5e1018c"}
Products.feature:147 - status code was: 200, expected: 400, response time: 18, url: http://localhost:3001/product, response: {"_id":"60db75bd74566a6340e1018d"}
Products.feature:162 - status code was: 200, expected: 400, response time: 68, url: http://localhost:3001/product/FIKarate, response: {"imgUrl":"https://assets.adidas.com/images/w_320,h_320,f_auto,q_auto:sensitive,fl_lossy/6634cf36274b4ea5ac46ac4e00b2021e_9366/karate.jpg","name":"KaratePut","description":"A product for Karate framwork"}
Products.feature:177 - status code was: 200, expected: 400, response time: 20, url: http://localhost:3001/product/FIKarate, response: {"imgUrl":"https://assets.adidas.com/images/w_320,h_320,f_auto,q_auto:sensitive,fl_lossy/6634cf36274b4ea5ac46ac4e00b2021e_9366/karate.jpg","description":"A product for Karate framwork","id":"FIKarate"}
Products.feature:192 - status code was: 200, expected: 400, response time: 125, url: http://localhost:3001/product/FIKarate, response: {"imgUrl":"https://assets.adidas.com/images/w_320,h_320,f_auto,q_auto:sensitive,fl_lossy/6634cf36274b4ea5ac46ac4e00b2021e_9366/karate.jpg","name":"KaratePut","id":"FIKarate"}
Products.feature:207 - status code was: 200, expected: 400, response time: 36, url: http://localhost:3001/product/FIKarate, response: {"name":"KaratePut","description":"A product for Karate framwork","id":"FIKarate"}
Products.feature:218 - status code was: 200, expected: 400, response time: 34, url: http://localhost:3001/product/FIKarate, response: {}
Products.feature:224 - status code was: 200, expected: 400, response time: 22, url: http://localhost:3001/product/DeleteInvalidId, response: {"ok":0}

]]></system-out>
    <system-err><![CDATA[[Fatal Error] :6:3: The element type "meta" must be terminated by the matching end-tag "</meta>".
]]></system-err>
  </testcase>
</testsuite>